APPLICATION	CarMaker 15.0.1 - Car_Generic #3 (win64-15.0.1)
COMPILED	jetbrains@eb0f14db18c4 2026-02-09 12:42:13
 
		I/O Configuration: default
FIRST_INIT	(internal default used)	2026-03-11 11:34:51
TIME	0.000
SIM_END			0s	0m
IDLE	11:34:51
SIM_START	unknown	2026-03-11 11:34:53
TIME	0.000
SIMULATE	unknown

TIME	723.870
SIM_END		unknown	723.862s	13350.7m
TIME	980.482
SIM_START	unknown	2026-03-11 12:18:06
TIME	0.000
SIMULATE	unknown

TIME	55.730
SIM_END		unknown	55.722s	330.058m
TIME	59.050
SIM_START	unknown	2026-03-11 12:18:43
TIME	0.000
SIMULATE	unknown

TIME	55.730
SIM_END		unknown	55.722s	330.058m
SIM_START	unknown	2026-03-11 12:19:01
TIME	0.000
SIMULATE	unknown

TIME	55.730
SIM_END		unknown	55.722s	330.058m
TIME	77.678
SIM_START	unknown	2026-03-11 12:22:43
TIME	0.000
SIMULATE	unknown

TIME	55.730
SIM_END		unknown	55.722s	330.058m
TIME	59.687
SIM_START	unknown	2026-03-11 12:23:25
TIME	0.000
SIMULATE	unknown

TIME	55.730
SIM_END		unknown	55.722s	330.058m
SIM_START	unknown	2026-03-11 12:23:32
TIME	0.000
SIMULATE	unknown

TIME	55.724
SIM_END		unknown	55.722s	330.058m
TIME	150.522
SIM_START	unknown	2026-03-11 12:40:18
TIME	0.000
SIMULATE	unknown

TIME	1106.531
SIM_END		unknown	1106.52s	13352.3m
TIME	1126.627
SIM_START	unknown	2026-03-11 12:44:59
TIME	0.000
SIMULATE	unknown

TIME	1106.531
SIM_END		unknown	1106.52s	13352.3m
TIME	1207.662
SHUTDOWN	CarMaker quick shutdown initiated

