APPLICATION	CarMaker 15.0.1 - Car_Generic #3 (win64-15.0.1)
COMPILED	jetbrains@eb0f14db18c4 2026-02-09 12:42:13
 
		I/O Configuration: default
FIRST_INIT	(internal default used)	2026-03-15 20:54:19
TIME	0.000
SIM_END			0s	0m
IDLE	20:54:20
SIM_START	Testing_validation	2026-03-15 20:54:24
TIME	0.413
ERROR		ExtInput: No quantity '2' in file
TIME	0.003
SIM_ABORT	Testing_validation	0s	0m
TIME	9.378
SIM_START	Testing_validation	2026-03-15 20:56:00
TIME	9.378
ERROR		ExtInput: No quantity 'Time' in file
TIME	0.004
SIM_ABORT	Testing_validation	0s	0m
TIME	22.853
SIM_START	Testing_validation	2026-03-15 20:59:58
TIME	22.853
ERROR		ExtInput: No quantity 'Time' in file
TIME	0.004
SIM_ABORT	Testing_validation	0s	0m
TIME	11.507
SIM_START	Testing_validation	2026-03-15 21:01:57
TIME	11.507
ERROR		ExtInput: No quantity 'Time' in file
TIME	0.004
SIM_ABORT	Testing_validation	0s	0m
TIME	101.670
SIM_START	Testing_validation	2026-03-15 21:19:22
TIME	0.000
SIMULATE	Testing_validation

TIME	239.948
SIM_END		Testing_validation	239.94s	971.936m
TIME	309.574
SIM_START	Testing_validation	2026-03-15 21:31:03
TIME	0.000
SIMULATE	Testing_validation

TIME	239.948
SIM_END		Testing_validation	239.94s	971.936m
TIME	421.599
SIM_START	Testing_validation	2026-03-15 22:02:08
TIME	0.000
SIMULATE	Testing_validation

TIME	239.948
SIM_END		Testing_validation	239.94s	971.799m
TIME	532.003
SHUTDOWN	CarMaker quick shutdown initiated

