APPLICATION	CarMaker 15.0.1 - Car_Generic #3 (win64-15.0.1)
COMPILED	jetbrains@eb0f14db18c4 2026-02-09 12:42:13
 
		I/O Configuration: default
FIRST_INIT	(internal default used)	2026-03-17 16:36:25
TIME	0.000
SIM_END			0s	0m
IDLE	16:36:26
SIM_START	Testing_validation	2026-03-17 16:36:28
TIME	0.000
SIMULATE	Testing_validation

TIME	239.942
SIM_END		Testing_validation	239.94s	1312.34m
TIME	252.747
SIM_START	Testing_validation	2026-03-17 16:39:25
TIME	0.000
SIMULATE	Testing_validation

TIME	239.948
SIM_END		Testing_validation	239.94s	1312.34m
TIME	246.242
SIM_START	Testing_validation	2026-03-17 16:41:04
TIME	0.000
SIMULATE	Testing_validation

TIME	239.948
SIM_END		Testing_validation	239.94s	973.259m
TIME	404.417
SIM_START	Testing_validation	2026-03-17 17:09:07
TIME	0.000
SIMULATE	Testing_validation

TIME	239.948
SIM_END		Testing_validation	239.94s	973.257m
TIME	269.661
SIM_START	Testing_validation	2026-03-17 17:14:46
TIME	0.000
SIMULATE	Testing_validation

TIME	239.948
SIM_END		Testing_validation	239.94s	973.257m
TIME	372.708
SIM_START	Initial_model	2026-03-17 17:37:36
TIME	0.000
SIMULATE	Initial_model

TIME	786.022
SIM_END		Initial_model	786.02s	13347.2m
TIME	799.217
SHUTDOWN	CarMaker quick shutdown initiated

