APPLICATION	CarMaker 15.0.1 - Car_Generic #3 (win64-15.0.1)
COMPILED	jetbrains@eb0f14db18c4 2026-02-09 12:42:13
 
		I/O Configuration: default
FIRST_INIT	(internal default used)	2026-03-17 00:11:07
TIME	0.000
SIM_END			0s	0m
IDLE	00:11:07
SIM_START	Testing_validation	2026-03-17 00:11:14
TIME	0.000
SIMULATE	Testing_validation

TIME	239.950
SIM_END		Testing_validation	239.94s	972.486m
TIME	272.750
SIM_START	Testing_validation	2026-03-17 00:17:14
TIME	0.000
SIMULATE	Testing_validation

TIME	239.948
SIM_END		Testing_validation	239.94s	972.486m
TIME	330.156
SHUTDOWN	CarMaker quick shutdown initiated

