APPLICATION	CarMaker 15.0.1 - Car_Generic #5 (win64-15.0.1)
COMPILED	jetbrains@eb0f14db18c4 2026-02-09 12:42:32
 
		I/O Configuration: default
SIM_START	unknown	2026-04-08 14:23:04
TIME	0.001
ERROR		BEV: manual gearbox not supported
ERROR		CM_Main.cpp: Initialization failed (CM_Main_Begin()=-3)
SIM_ABORT	unknown	0s	0m
APPLICATION	CarMaker 15.0.1 - Car_Generic #5 (win64-15.0.1)
COMPILED	jetbrains@eb0f14db18c4 2026-02-09 12:42:32
 
		I/O Configuration: default
SIM_START	unknown	2026-04-08 14:23:14
TIME	0.001
ERROR		BEV: manual gearbox not supported
ERROR		CM_Main.cpp: Initialization failed (CM_Main_Begin()=-3)
SIM_ABORT	unknown	0s	0m
APPLICATION	CarMaker 15.0.1 - Car_Generic #5 (win64-15.0.1)
COMPILED	jetbrains@eb0f14db18c4 2026-02-09 12:42:32
 
		I/O Configuration: default
SIM_START	unknown	2026-04-08 14:23:29
TIME	0.001
ERROR		Missing entry 'PowerTrain.Gearbox.0.iForwardGears', file 'D:/GDP/Kia_Niro_EV_carmaker/Data/Vehicle/.tmp_ROG-FLOW-X13-PK_ASUS.1'
ERROR		CM_Main.cpp: Initialization failed (CM_Main_Begin()=-3)
SIM_ABORT	unknown	0s	0m
APPLICATION	CarMaker 15.0.1 - Car_Generic #5 (win64-15.0.1)
COMPILED	jetbrains@eb0f14db18c4 2026-02-09 12:42:32
 
		I/O Configuration: default
SIM_START	unknown	2026-04-08 14:23:50
TIME	0.001
ERROR		Missing entry 'PowerTrain.Gearbox.0.iForwardGears', file 'D:/GDP/Kia_Niro_EV_carmaker/Data/Vehicle/Kia_niro_ev_1.car'
ERROR		CM_Main.cpp: Initialization failed (CM_Main_Begin()=-3)
SIM_ABORT	unknown	0s	0m
APPLICATION	CarMaker 15.0.1 - Car_Generic #5 (win64-15.0.1)
COMPILED	jetbrains@eb0f14db18c4 2026-02-09 12:42:32
 
		I/O Configuration: default
SIM_START	unknown	2026-04-08 14:23:59
TIME	0.001
ERROR		Missing entry 'PowerTrain.Gearbox.0.iForwardGears', file 'D:/GDP/Kia_Niro_EV_carmaker/Data/Vehicle/Kia_niro_ev_1.car'
ERROR		CM_Main.cpp: Initialization failed (CM_Main_Begin()=-3)
SIM_ABORT	unknown	0s	0m
APPLICATION	CarMaker 15.0.1 - Car_Generic #5 (win64-15.0.1)
COMPILED	jetbrains@eb0f14db18c4 2026-02-09 12:42:32
 
		I/O Configuration: default
SIM_START	unknown	2026-04-08 14:27:45
TIME	0.001
ERROR		Missing entry 'PowerTrain.Gearbox.0.iForwardGears', file 'D:/GDP/Kia_Niro_EV_carmaker/Data/Vehicle/Kia_niro_ev_1.car'
ERROR		CM_Main.cpp: Initialization failed (CM_Main_Begin()=-3)
SIM_ABORT	unknown	0s	0m
