APPLICATION	CarMaker 15.0.1 - Car_Generic #5 (win64-15.0.1)
COMPILED	jetbrains@eb0f14db18c4 2026-02-09 12:42:32
 
		I/O Configuration: default
SIM_START	unknown	2026-04-16 18:17:11
TIME	0.000
SIMULATE	unknown

SIM_END		unknown	0s	0m
APPLICATION	CarMaker 15.0.1 - Car_Generic #5 (win64-15.0.1)
COMPILED	jetbrains@eb0f14db18c4 2026-02-09 12:42:32
 
		I/O Configuration: default
SIM_START	unknown	2026-04-16 18:18:49
TIME	0.000
SIMULATE	unknown

SIM_END		unknown	0s	0m
APPLICATION	CarMaker 15.0.1 - Car_Generic #5 (win64-15.0.1)
COMPILED	jetbrains@eb0f14db18c4 2026-02-09 12:42:32
 
		I/O Configuration: default
SIM_START	unknown	2026-04-16 18:19:38
TIME	0.000
SIMULATE	unknown

SIM_END		unknown	0s	0m
APPLICATION	CarMaker 15.0.1 - Car_Generic #5 (win64-15.0.1)
COMPILED	jetbrains@eb0f14db18c4 2026-02-09 12:42:32
 
		I/O Configuration: default
SIM_START	unknown	2026-04-16 18:48:35
TIME	0.000
SIMULATE	unknown

SIM_END		unknown	0s	0m
APPLICATION	CarMaker 15.0.1 - Car_Generic #5 (win64-15.0.1)
COMPILED	jetbrains@eb0f14db18c4 2026-02-09 12:42:32
 
		I/O Configuration: default
SIM_START	unknown	2026-04-16 18:48:46
TIME	0.000
SIMULATE	unknown

SIM_END		unknown	0s	0m
APPLICATION	CarMaker 15.0.1 - Car_Generic #5 (win64-15.0.1)
COMPILED	jetbrains@eb0f14db18c4 2026-02-09 12:42:32
 
		I/O Configuration: default
SIM_START	unknown	2026-04-16 18:51:18
TIME	0.000
SIMULATE	unknown

SIM_END		unknown	0s	0m
APPLICATION	CarMaker 15.0.1 - Car_Generic #5 (win64-15.0.1)
COMPILED	jetbrains@eb0f14db18c4 2026-02-09 12:42:32
 
		I/O Configuration: default
SIM_START	unknown	2026-04-16 18:54:50
TIME	0.001
ERROR		BEV: manual gearbox not supported
ERROR		CM_Main.cpp: Initialization failed (CM_Main_Begin()=-3)
SIM_ABORT	unknown	0s	0m
APPLICATION	CarMaker 15.0.1 - Car_Generic #5 (win64-15.0.1)
COMPILED	jetbrains@eb0f14db18c4 2026-02-09 12:42:32
 
		I/O Configuration: default
SIM_START	unknown	2026-04-16 18:56:40
TIME	0.000
SIMULATE	unknown

TIME	12.003
SIM_END		unknown	12s	59.2532m
APPLICATION	CarMaker 15.0.1 - Car_Generic #5 (win64-15.0.1)
COMPILED	jetbrains@eb0f14db18c4 2026-02-09 12:42:32
 
		I/O Configuration: default
SIM_START	Testing_validation_with_mu	2026-04-16 18:59:24
TIME	0.000
SIMULATE	Testing_validation_with_mu

TIME	12.003
SIM_END		Testing_validation_with_mu	12s	59.2532m
APPLICATION	CarMaker 15.0.1 - Car_Generic #5 (win64-15.0.1)
COMPILED	jetbrains@eb0f14db18c4 2026-02-09 12:42:32
 
		I/O Configuration: default
SIM_START	Testing_validation_with_mu	2026-04-16 18:59:56
TIME	0.000
SIMULATE	Testing_validation_with_mu

TIME	100.003
SIM_END		Testing_validation_with_mu	100s	1289.68m
APPLICATION	CarMaker 15.0.1 - Car_Generic #5 (win64-15.0.1)
COMPILED	jetbrains@eb0f14db18c4 2026-02-09 12:42:32
 
		I/O Configuration: default
SIM_START	Testing_validation_with_mu	2026-04-16 19:00:50
TIME	0.000
SIMULATE	Testing_validation_with_mu

TIME	100.003
SIM_END		Testing_validation_with_mu	100s	1289.68m
APPLICATION	CarMaker 15.0.1 - Car_Generic #5 (win64-15.0.1)
COMPILED	jetbrains@eb0f14db18c4 2026-02-09 12:42:32
 
		I/O Configuration: default
SIM_START	Testing_validation_with_mu	2026-04-16 19:01:21
TIME	0.000
SIMULATE	Testing_validation_with_mu

TIME	877.299
SIM_END		Testing_validation_with_mu	877.299s	13876.2m
