

SYSTEM_START	-	55PCH120	55PCH120	2026-03-04 13:15:33


SYSTEM_INFO	CarMaker 14.1.1 - Car_Generic #4	jetbrains@2dc68d98a08b 2025-07-07 14:59:59	(14.1.1 jetbrains@2dc68d98a08b 2025-07-07 14:37:51)


SYSTEM_START	-	55PCH120	55PCH120	2026-03-04 16:25:45


SYSTEM_INFO	CarMaker 14.1.1 - Car_Generic #4	jetbrains@2dc68d98a08b 2025-07-07 14:59:59	(14.1.1 jetbrains@2dc68d98a08b 2025-07-07 14:37:51)


SYSTEM_START	-	55PCH120	55PCH120	2026-03-04 16:31:04


SYSTEM_INFO	CarMaker 14.1.1 - Car_Generic #4	jetbrains@2dc68d98a08b 2025-07-07 14:59:59	(14.1.1 jetbrains@2dc68d98a08b 2025-07-07 14:37:51)


SYSTEM_START	-	55PCH120	55PCH120	2026-03-04 20:27:29


SYSTEM_INFO	CarMaker 14.1.1 - Car_Generic #4	jetbrains@2dc68d98a08b 2025-07-07 14:59:59	(14.1.1 jetbrains@2dc68d98a08b 2025-07-07 14:37:51)


SYSTEM_START	-	55PCH120	55PCH120	2026-03-04 20:30:36


SYSTEM_INFO	CarMaker 14.1.1 - Car_Generic #4	jetbrains@2dc68d98a08b 2025-07-07 14:59:59	(14.1.1 jetbrains@2dc68d98a08b 2025-07-07 14:37:51)
SIM	1772656237	55PCH120			0	0	0
SIM	1772656239	55PCH120	s458193	Initial_model	1	39.195	450.48
SIM	1772656514	55PCH120	s458193	Initial_model	0	0	0
SIM	1772656519	55PCH120	s458193	Initial_model	1	39.195	450.48
SIM	1772656879	55PCH120	s458193	Initial_model	0	726.398	13347.2
SIM	1772657942	55PCH120	s458193	Initial_model	1	39.195	450.48
SIM	1772658404	55PCH120	s458193	Initial_model	0	5870.16	13359.1
SIM	1772659077	55PCH120	s458193	Initial_model	1	113.403	448.067
SIM	1772659260	55PCH120	s458193	Initial_model	1	113.403	448.067
SIM	1772659318	55PCH120	s458193	Initial_model	1	115.005	454.671
SIM	1772659361	55PCH120	s458193	Initial_model	1	115.005	454.671
SIM	1772659447	55PCH120	s458193	Initial_model	1	110.361	436.073
SIM	1772659559	55PCH120	s458193	Initial_model	1	110.361	436.073
SIM	1772659649	55PCH120	s458193	Initial_model	0	3294.12	13355.3


SYSTEM_START	-	55PCH120	55PCH120	2026-03-05 15:24:20


SYSTEM_INFO	CarMaker 14.1.1 - Car_Generic #4	jetbrains@2dc68d98a08b 2025-07-07 14:59:59	(14.1.1 jetbrains@2dc68d98a08b 2025-07-07 14:37:51)
SIM	1772724260	55PCH120			0	0	0
SIM	1772724262	55PCH120	s458193	Initial_model	0	223.742	894.84
SIM	1772724588	55PCH120	s458193	Initial_model	0	1092.15	4420.48
SIM	1772725226	55PCH120	s458193	Initial_model	1	38.93	448.391
SIM	1772725248	55PCH120	s458193	Initial_model	1	38.93	448.391
SIM	1772725719	55PCH120	s458193	Initial_model	1	0	448.391
SIM	1772725760	55PCH120	s458193	Initial_model	0	721.808	13350.2
SIM	1772730030	55PCH120	s458193	Initial_model	0	721.808	13350.2
SIM	1772730226	55PCH120	s458193	Initial_model	0	721.808	13350.2
SIM	1772732184	55PCH120	s458193	Initial_model	0	721.95	13350.1
SIM	1772753164	55PCH120	s458193	Initial_model	0	721.565	13349.9
SIM	1772754784	55PCH120	s458193	Initial_model	0	721.529	13350.3
SIM	1772755122	55PCH120	s458193	Initial_model	0	721.598	13350.4
SIM	1772755184	55PCH120	s458193	Initial_model	0	721.598	13350.4
SIM	1772755490	55PCH120	s458193	Initial_model	0	721.598	13350.4
SIM	1772755731	55PCH120	s458193	Initial_model	0	181.21	2664.52
SIM	1772755795	55PCH120	s458193	Initial_model	0	721.529	13350.3
SIM	1772757391	55PCH120	s458193	Initial_model	0	721.529	13350.3
SIM	1772757442	55PCH120	s458193	Initial_model	0	721.529	13350.3
SIM	1772757468	55PCH120	s458193	Initial_model	0	721.529	13350.3


SYSTEM_START	-	55PCH120	55PCH120	2026-03-09 12:15:43


SYSTEM_INFO	CarMaker 14.1.1 - Car_Generic #4	jetbrains@2dc68d98a08b 2025-07-07 14:59:59	(14.1.1 jetbrains@2dc68d98a08b 2025-07-07 14:37:51)
SIM	1773058543	55PCH120			0	0	0
SIM	1773074598	55PCH120	s458193	Initial_model	0	31.741	201.521
SIM	1773074608	55PCH120	s458193	Initial_model	1	0	201.521
SIM	1773074608	55PCH120	s458193	Initial_model	0	31.741	201.521
SIM	1773074639	55PCH120	s458193	Initial_model	0	31.741	201.521
SIM	1773075916	55PCH120	s458193	Initial_model	0	31.741	201.521
SIM	1773075926	55PCH120	s458193	Initial_model	0	31.741	201.521
SIM	1773080161	55PCH120	s458193	Initial_model	1	0	201.521
SIM	1773080244	55PCH120	s458193	Initial_model	0	721.529	13350.3
SIM	1773086940	55PCH120	s458193	Initial_model	0	31.741	201.521
SIM	1773086950	55PCH120	s458193	Initial_model	0	31.741	201.521
