

SYSTEM_START	-	Kiran_S16	Kiran_S16	2026-03-11 11:34:51


SYSTEM_INFO	CarMaker 15.0.1 - Car_Generic #3	jetbrains@eb0f14db18c4 2026-02-09 12:42:13	(15.0.1 jetbrains@eb0f14db18c4 2026-02-09 12:36:17)
SIM	1773228891	Kiran_S16			0	0	0
SIM	1773228893	Kiran_S16	pbkir	unknown	0	723.862	13350.7
SIM	1773231486	Kiran_S16	pbkir	unknown	0	55.722	330.058
SIM	1773231523	Kiran_S16	pbkir	unknown	0	55.722	330.058
SIM	1773231541	Kiran_S16	pbkir	unknown	0	55.722	330.058
SIM	1773231763	Kiran_S16	pbkir	unknown	0	55.722	330.058
SIM	1773231805	Kiran_S16	pbkir	unknown	0	55.722	330.058
SIM	1773231812	Kiran_S16	pbkir	unknown	0	55.722	330.058
SIM	1773232818	Kiran_S16	pbkir	unknown	0	1106.52	13352.3
SIM	1773233099	Kiran_S16	pbkir	unknown	0	1106.52	13352.3


SYSTEM_START	-	Kiran_S16	Kiran_S16	2026-03-14 15:54:38


SYSTEM_INFO	CarMaker 15.0.1 - Car_Generic #3	jetbrains@eb0f14db18c4 2026-02-09 12:42:13	(15.0.1 jetbrains@eb0f14db18c4 2026-02-09 12:36:17)
SIM	1773503678	Kiran_S16			0	0	0
SIM	1773503684	Kiran_S16	pbkir	Initial_model	0	786.552	13350.8
SIM	1773503743	Kiran_S16	pbkir	Initial_model	0	786.552	13350.8
SIM	1773503932	Kiran_S16	pbkir	Initial_model	0	786.552	13350.8


SYSTEM_START	-	Kiran_S16	Kiran_S16	2026-03-15 20:54:19


SYSTEM_INFO	CarMaker 15.0.1 - Car_Generic #3	jetbrains@eb0f14db18c4 2026-02-09 12:42:13	(15.0.1 jetbrains@eb0f14db18c4 2026-02-09 12:36:17)
SIM	1773608059	Kiran_S16			0	0	0
SIM	1773608064	Kiran_S16	pbkir	Testing_validation	1	0	0
SIM	1773608160	Kiran_S16	pbkir	Testing_validation	1	0	0
SIM	1773608398	Kiran_S16	pbkir	Testing_validation	1	0	0
SIM	1773608517	Kiran_S16	pbkir	Testing_validation	1	0	0
SIM	1773609562	Kiran_S16	pbkir	Testing_validation	0	239.94	971.936
SIM	1773610263	Kiran_S16	pbkir	Testing_validation	0	239.94	971.936
SIM	1773612128	Kiran_S16	pbkir	Testing_validation	0	239.94	971.799


SYSTEM_START	-	Kiran_S16	Kiran_S16	2026-03-16 11:20:07


SYSTEM_INFO	CarMaker 15.0.1 - Car_Generic #3	jetbrains@eb0f14db18c4 2026-02-09 12:42:13	(15.0.1 jetbrains@eb0f14db18c4 2026-02-09 12:36:17)
SIM	1773660008	Kiran_S16			0	0	0
SIM	1773660012	Kiran_S16	pbkir	Testing_validation	0	239.94	971.991
SIM	1773660128	Kiran_S16	pbkir	Testing_validation	0	239.94	971.991
SIM	1773660486	Kiran_S16	pbkir	Testing_validation	0	239.94	972.484


SYSTEM_START	-	Kiran_S16	Kiran_S16	2026-03-16 19:41:42


SYSTEM_INFO	CarMaker 15.0.1 - Car_Generic #3	jetbrains@eb0f14db18c4 2026-02-09 12:42:13	(15.0.1 jetbrains@eb0f14db18c4 2026-02-09 12:36:17)
SIM	1773690102	Kiran_S16			0	0	0
SIM	1773690105	Kiran_S16	pbkir	Testing_validation	0	239.94	972.482
SIM	1773690167	Kiran_S16	pbkir	Testing_validation	0	239.94	972.482
SIM	1773690741	Kiran_S16	pbkir	Testing_validation	0	239.94	972.483
SIM	1773691362	Kiran_S16	pbkir	Testing_validation	0	239.94	972.486
SIM	1773693731	Kiran_S16	pbkir	Testing_validation	0	239.94	972.486


SYSTEM_START	-	Kiran_S16	Kiran_S16	2026-03-17 00:11:07


SYSTEM_INFO	CarMaker 15.0.1 - Car_Generic #3	jetbrains@eb0f14db18c4 2026-02-09 12:42:13	(15.0.1 jetbrains@eb0f14db18c4 2026-02-09 12:36:17)
SIM	1773706267	Kiran_S16			0	0	0
SIM	1773706274	Kiran_S16	pbkir	Testing_validation	0	239.94	972.486
SIM	1773706634	Kiran_S16	pbkir	Testing_validation	0	239.94	972.486


SYSTEM_START	-	Kiran_S16	Kiran_S16	2026-03-17 11:12:08


SYSTEM_INFO	CarMaker 15.0.1 - Car_Generic #3	jetbrains@eb0f14db18c4 2026-02-09 12:42:13	(15.0.1 jetbrains@eb0f14db18c4 2026-02-09 12:36:17)
SIM	1773745929	Kiran_S16			0	0	0
SIM	1773745931	Kiran_S16	pbkir	Testing_validation	0	239.94	972.486
SIM	1773745949	Kiran_S16	pbkir	Testing_validation	0	239.94	972.486
SIM	1773757649	Kiran_S16	pbkir	Testing_validation	0	206.157	745.881
SIM	1773757786	Kiran_S16	pbkir	Testing_validation	0	206.157	745.881
SIM	1773758220	Kiran_S16	pbkir	Testing_validation	0	206.157	745.881
SIM	1773758879	Kiran_S16	pbkir	Testing_validation	0	227.763	915.314
SIM	1773758897	Kiran_S16	pbkir	Testing_validation	0	227.763	915.314
SIM	1773759196	Kiran_S16	pbkir	Testing_validation	0	227.761	915.294
SIM	1773759250	Kiran_S16	pbkir	Testing_validation	0	227.761	915.294
SIM	1773759558	Kiran_S16	pbkir	Testing_validation	0	227.758	915.273
SIM	1773760300	Kiran_S16	pbkir	Testing_validation	0	221.806	867.041
SIM	1773760509	Kiran_S16	pbkir	Testing_validation	0	221.806	867.041
SIM	1773761576	Kiran_S16	pbkir	Testing_validation	0	221.806	867.041
SIM	1773763085	Kiran_S16	pbkir	Testing_validation	0	221.806	867.041
SIM	1773763177	Kiran_S16	pbkir	Testing_validation	0	122.181	866.597
SIM	1773763232	Kiran_S16	pbkir	Testing_validation	0	159.892	866.745
SIM	1773763422	Kiran_S16	pbkir	Testing_validation	0	239.94	1312.78


SYSTEM_START	-	Kiran_S16	Kiran_S16	2026-03-17 16:13:14


SYSTEM_INFO	CarMaker 15.0.1 - Car_Generic #5	jetbrains@eb0f14db18c4 2026-02-09 12:42:32	(15.0.1 jetbrains@eb0f14db18c4 2026-02-09 12:36:17)
SIM	1773763997	Kiran_S16	pbkir	Testing_validation	0	159.893	866.739


SYSTEM_START	-	Kiran_S16	Kiran_S16	2026-03-17 16:14:42


SYSTEM_INFO	CarMaker 15.0.1 - Car_Generic #5	jetbrains@eb0f14db18c4 2026-02-09 12:42:32	(15.0.1 jetbrains@eb0f14db18c4 2026-02-09 12:36:17)
SIM	1773764082	Kiran_S16	pbkir	Testing_validation	0	159.893	866.739


SYSTEM_START	-	Kiran_S16	Kiran_S16	2026-03-17 16:36:25


SYSTEM_INFO	CarMaker 15.0.1 - Car_Generic #3	jetbrains@eb0f14db18c4 2026-02-09 12:42:13	(15.0.1 jetbrains@eb0f14db18c4 2026-02-09 12:36:17)
SIM	1773765385	Kiran_S16			0	0	0
SIM	1773765388	Kiran_S16	pbkir	Testing_validation	0	239.94	1312.34
SIM	1773765565	Kiran_S16	pbkir	Testing_validation	0	239.94	1312.34
SIM	1773765664	Kiran_S16	pbkir	Testing_validation	0	239.94	973.259
SIM	1773767347	Kiran_S16	pbkir	Testing_validation	0	239.94	973.257
SIM	1773767686	Kiran_S16	pbkir	Testing_validation	0	239.94	973.257
SIM	1773769056	Kiran_S16	pbkir	Initial_model	0	786.02	13347.2


SYSTEM_START	-	Kiran_S16	Kiran_S16	2026-03-19 22:41:46


SYSTEM_INFO	CarMaker 15.0.1 - Car_Generic #3	jetbrains@eb0f14db18c4 2026-02-09 12:42:13	(15.0.1 jetbrains@eb0f14db18c4 2026-02-09 12:36:17)
SIM	1773960106	Kiran_S16			0	0	0
SIM	1773960108	Kiran_S16	pbkir	Testing_validation	0	112.22	596.621
SIM	1773960158	Kiran_S16	pbkir	Testing_validation	0	112.22	596.621
SIM	1773960522	Kiran_S16	pbkir	Testing_validation	0	112.22	596.621
SIM	1773961253	Kiran_S16	pbkir	Testing_validation	0	112.22	596.621
SIM	1773962392	Kiran_S16	pbkir	Testing_validation	0	112.22	596.621
SIM	1773962600	Kiran_S16	pbkir	Testing_validation	0	112.22	596.404
SIM	1773965629	Kiran_S16	pbkir	Testing_validation	0	112.22	596.41
SIM	1773966276	Kiran_S16	pbkir	Testing_validation	0	112.22	596.405
SIM	1773966521	Kiran_S16	pbkir	Testing_validation	0	112.22	596.409
SIM	1773966678	Kiran_S16	pbkir	Testing_validation	0	112.22	596.402
SIM	1773967542	Kiran_S16	pbkir	Testing_validation	0	112.22	596.407
SIM	1773967581	Kiran_S16	pbkir	Testing_validation	0	112.22	596.407
SIM	1773967814	Kiran_S16	pbkir	Testing_validation	0	112.22	596.401
SIM	1773967970	Kiran_S16	pbkir	Testing_validation	0	112.22	596.399
SIM	1773974027	Kiran_S16	pbkir	Testing_validation	0	93.7	713.735
SIM	1773974854	Kiran_S16	pbkir	Testing_validation	0	93.7	713.701
