

SYSTEM_START	-	ROG-FLOW-X13-PK	ROG-FLOW-X13-PK	2026-04-07 20:46:08


SYSTEM_INFO	CarMaker 15.0.1 - Car_Generic #5	jetbrains@eb0f14db18c4 2026-02-09 12:42:32	(15.0.1 jetbrains@eb0f14db18c4 2026-02-09 12:36:17)
SIM	1775591171	ROG-FLOW-X13-PK	ASUS	Testing_validation	1	0	0


SYSTEM_START	-	ROG-FLOW-X13-PK	ROG-FLOW-X13-PK	2026-04-07 20:47:56


SYSTEM_INFO	CarMaker 15.0.1 - Car_Generic #5	jetbrains@eb0f14db18c4 2026-02-09 12:42:32	(15.0.1 jetbrains@eb0f14db18c4 2026-02-09 12:36:17)
SIM	1775591277	ROG-FLOW-X13-PK	ASUS	Testing_validation	0	34.718	153.553


SYSTEM_START	-	ROG-FLOW-X13-PK	ROG-FLOW-X13-PK	2026-04-07 20:48:12


SYSTEM_INFO	CarMaker 15.0.1 - Car_Generic #5	jetbrains@eb0f14db18c4 2026-02-09 12:42:32	(15.0.1 jetbrains@eb0f14db18c4 2026-02-09 12:36:17)
SIM	1775591292	ROG-FLOW-X13-PK	ASUS	Testing_validation	0	34.718	153.553


SYSTEM_START	-	ROG-FLOW-X13-PK	ROG-FLOW-X13-PK	2026-04-07 20:48:49


SYSTEM_INFO	CarMaker 15.0.1 - Car_Generic #5	jetbrains@eb0f14db18c4 2026-02-09 12:42:32	(15.0.1 jetbrains@eb0f14db18c4 2026-02-09 12:36:17)
SIM	1775591329	ROG-FLOW-X13-PK	ASUS	Initial_model	1	0	0


SYSTEM_START	-	ROG-FLOW-X13-PK	ROG-FLOW-X13-PK	2026-04-07 20:49:45


SYSTEM_INFO	CarMaker 15.0.1 - Car_Generic #5	jetbrains@eb0f14db18c4 2026-02-09 12:42:32	(15.0.1 jetbrains@eb0f14db18c4 2026-02-09 12:36:17)
SIM	1775591385	ROG-FLOW-X13-PK	ASUS	Initial_model	0	152.774	1763.57


SYSTEM_START	-	ROG-FLOW-X13-PK	ROG-FLOW-X13-PK	2026-04-07 20:50:51


SYSTEM_INFO	CarMaker 15.0.1 - Car_Generic #5	jetbrains@eb0f14db18c4 2026-02-09 12:42:32	(15.0.1 jetbrains@eb0f14db18c4 2026-02-09 12:36:17)
SIM	1775591451	ROG-FLOW-X13-PK	ASUS	Initial_model	0	402.714	6451.07


SYSTEM_START	-	ROG-FLOW-X13-PK	ROG-FLOW-X13-PK	2026-04-07 20:51:15


SYSTEM_INFO	CarMaker 15.0.1 - Car_Generic #5	jetbrains@eb0f14db18c4 2026-02-09 12:42:32	(15.0.1 jetbrains@eb0f14db18c4 2026-02-09 12:36:17)
SIM	1775591475	ROG-FLOW-X13-PK	ASUS	Initial_model	0	420.377	6692.58


SYSTEM_START	-	ROG-FLOW-X13-PK	ROG-FLOW-X13-PK	2026-04-08 12:54:52


SYSTEM_INFO	CarMaker 15.0.1 - Car_Generic #5	jetbrains@eb0f14db18c4 2026-02-09 12:42:32	(15.0.1 jetbrains@eb0f14db18c4 2026-02-09 12:36:17)
SIM	1775649292	ROG-FLOW-X13-PK	ASUS	Initial_model	0	806.491	13347.8


SYSTEM_START	-	ROG-FLOW-X13-PK	ROG-FLOW-X13-PK	2026-04-08 12:56:10


SYSTEM_INFO	CarMaker 15.0.1 - Car_Generic #5	jetbrains@eb0f14db18c4 2026-02-09 12:42:32	(15.0.1 jetbrains@eb0f14db18c4 2026-02-09 12:36:17)
SIM	1775649370	ROG-FLOW-X13-PK	ASUS	Initial_model	0	806.491	13347.8


SYSTEM_START	-	ROG-FLOW-X13-PK	ROG-FLOW-X13-PK	2026-04-08 13:03:08


SYSTEM_INFO	CarMaker 15.0.1 - Car_Generic #5	jetbrains@eb0f14db18c4 2026-02-09 12:42:32	(15.0.1 jetbrains@eb0f14db18c4 2026-02-09 12:36:17)
SIM	1775649788	ROG-FLOW-X13-PK	ASUS	Initial_model	0	806.491	13347.8


SYSTEM_START	-	ROG-FLOW-X13-PK	ROG-FLOW-X13-PK	2026-04-08 13:05:54


SYSTEM_INFO	CarMaker 15.0.1 - Car_Generic #5	jetbrains@eb0f14db18c4 2026-02-09 12:42:32	(15.0.1 jetbrains@eb0f14db18c4 2026-02-09 12:36:17)
SIM	1775649955	ROG-FLOW-X13-PK	ASUS	Initial_model	0	806.491	13347.8


SYSTEM_START	-	ROG-FLOW-X13-PK	ROG-FLOW-X13-PK	2026-04-08 13:37:39


SYSTEM_INFO	CarMaker 15.0.1 - Car_Generic #5	jetbrains@eb0f14db18c4 2026-02-09 12:42:32	(15.0.1 jetbrains@eb0f14db18c4 2026-02-09 12:36:17)
SIM	1775651859	ROG-FLOW-X13-PK	ASUS	Initial_model	0	806.491	13347.8


SYSTEM_START	-	ROG-FLOW-X13-PK	ROG-FLOW-X13-PK	2026-04-08 14:23:02


SYSTEM_INFO	CarMaker 15.0.1 - Car_Generic #5	jetbrains@eb0f14db18c4 2026-02-09 12:42:32	(15.0.1 jetbrains@eb0f14db18c4 2026-02-09 12:36:17)
SIM	1775654584	ROG-FLOW-X13-PK	ASUS	unknown	2	0	0


SYSTEM_START	-	ROG-FLOW-X13-PK	ROG-FLOW-X13-PK	2026-04-08 14:23:14


SYSTEM_INFO	CarMaker 15.0.1 - Car_Generic #5	jetbrains@eb0f14db18c4 2026-02-09 12:42:32	(15.0.1 jetbrains@eb0f14db18c4 2026-02-09 12:36:17)
SIM	1775654594	ROG-FLOW-X13-PK	ASUS	unknown	2	0	0


SYSTEM_START	-	ROG-FLOW-X13-PK	ROG-FLOW-X13-PK	2026-04-08 14:23:29


SYSTEM_INFO	CarMaker 15.0.1 - Car_Generic #5	jetbrains@eb0f14db18c4 2026-02-09 12:42:32	(15.0.1 jetbrains@eb0f14db18c4 2026-02-09 12:36:17)
SIM	1775654609	ROG-FLOW-X13-PK	ASUS	unknown	2	0	0


SYSTEM_START	-	ROG-FLOW-X13-PK	ROG-FLOW-X13-PK	2026-04-08 14:23:50


SYSTEM_INFO	CarMaker 15.0.1 - Car_Generic #5	jetbrains@eb0f14db18c4 2026-02-09 12:42:32	(15.0.1 jetbrains@eb0f14db18c4 2026-02-09 12:36:17)
SIM	1775654630	ROG-FLOW-X13-PK	ASUS	unknown	2	0	0


SYSTEM_START	-	ROG-FLOW-X13-PK	ROG-FLOW-X13-PK	2026-04-08 14:23:59


SYSTEM_INFO	CarMaker 15.0.1 - Car_Generic #5	jetbrains@eb0f14db18c4 2026-02-09 12:42:32	(15.0.1 jetbrains@eb0f14db18c4 2026-02-09 12:36:17)
SIM	1775654639	ROG-FLOW-X13-PK	ASUS	unknown	2	0	0


SYSTEM_START	-	ROG-FLOW-X13-PK	ROG-FLOW-X13-PK	2026-04-08 14:27:45


SYSTEM_INFO	CarMaker 15.0.1 - Car_Generic #5	jetbrains@eb0f14db18c4 2026-02-09 12:42:32	(15.0.1 jetbrains@eb0f14db18c4 2026-02-09 12:36:17)
SIM	1775654865	ROG-FLOW-X13-PK	ASUS	unknown	2	0	0


SYSTEM_START	-	ROG-FLOW-X13-PK	ROG-FLOW-X13-PK	2026-04-15 17:05:12


SYSTEM_INFO	CarMaker 15.0.1 - Car_Generic #5	jetbrains@eb0f14db18c4 2026-02-09 12:42:32	(15.0.1 jetbrains@eb0f14db18c4 2026-02-09 12:36:17)
SIM	1776269115	ROG-FLOW-X13-PK	ASUS	unknown	2	0	0


SYSTEM_START	-	ROG-FLOW-X13-PK	ROG-FLOW-X13-PK	2026-04-15 17:10:36


SYSTEM_INFO	CarMaker 15.0.1 - Car_Generic #5	jetbrains@eb0f14db18c4 2026-02-09 12:42:32	(15.0.1 jetbrains@eb0f14db18c4 2026-02-09 12:36:17)
SIM	1776269436	ROG-FLOW-X13-PK	ASUS	unknown	1	10.347	0.966646


SYSTEM_START	-	ROG-FLOW-X13-PK	ROG-FLOW-X13-PK	2026-04-15 17:16:22


SYSTEM_INFO	CarMaker 15.0.1 - Car_Generic #5	jetbrains@eb0f14db18c4 2026-02-09 12:42:32	(15.0.1 jetbrains@eb0f14db18c4 2026-02-09 12:36:17)
SIM	1776269782	ROG-FLOW-X13-PK	ASUS	unknown	0	688.479	13875.2


SYSTEM_START	-	ROG-FLOW-X13-PK	ROG-FLOW-X13-PK	2026-04-15 17:29:42


SYSTEM_INFO	CarMaker 15.0.1 - Car_Generic #5	jetbrains@eb0f14db18c4 2026-02-09 12:42:32	(15.0.1 jetbrains@eb0f14db18c4 2026-02-09 12:36:17)
SIM	1776270583	ROG-FLOW-X13-PK	ASUS	unknown	0	688.479	13875.2


SYSTEM_START	-	ROG-FLOW-X13-PK	ROG-FLOW-X13-PK	2026-04-16 18:17:09


SYSTEM_INFO	CarMaker 15.0.1 - Car_Generic #5	jetbrains@eb0f14db18c4 2026-02-09 12:42:32	(15.0.1 jetbrains@eb0f14db18c4 2026-02-09 12:36:17)
SIM	1776359831	ROG-FLOW-X13-PK	ASUS	unknown	0	0	0


SYSTEM_START	-	ROG-FLOW-X13-PK	ROG-FLOW-X13-PK	2026-04-16 18:18:49


SYSTEM_INFO	CarMaker 15.0.1 - Car_Generic #5	jetbrains@eb0f14db18c4 2026-02-09 12:42:32	(15.0.1 jetbrains@eb0f14db18c4 2026-02-09 12:36:17)
SIM	1776359929	ROG-FLOW-X13-PK	ASUS	unknown	0	0	0


SYSTEM_START	-	ROG-FLOW-X13-PK	ROG-FLOW-X13-PK	2026-04-16 18:19:38


SYSTEM_INFO	CarMaker 15.0.1 - Car_Generic #5	jetbrains@eb0f14db18c4 2026-02-09 12:42:32	(15.0.1 jetbrains@eb0f14db18c4 2026-02-09 12:36:17)
SIM	1776359978	ROG-FLOW-X13-PK	ASUS	unknown	0	0	0


SYSTEM_START	-	ROG-FLOW-X13-PK	ROG-FLOW-X13-PK	2026-04-16 18:48:35


SYSTEM_INFO	CarMaker 15.0.1 - Car_Generic #5	jetbrains@eb0f14db18c4 2026-02-09 12:42:32	(15.0.1 jetbrains@eb0f14db18c4 2026-02-09 12:36:17)
SIM	1776361715	ROG-FLOW-X13-PK	ASUS	unknown	0	0	0


SYSTEM_START	-	ROG-FLOW-X13-PK	ROG-FLOW-X13-PK	2026-04-16 18:48:46


SYSTEM_INFO	CarMaker 15.0.1 - Car_Generic #5	jetbrains@eb0f14db18c4 2026-02-09 12:42:32	(15.0.1 jetbrains@eb0f14db18c4 2026-02-09 12:36:17)
SIM	1776361726	ROG-FLOW-X13-PK	ASUS	unknown	0	0	0


SYSTEM_START	-	ROG-FLOW-X13-PK	ROG-FLOW-X13-PK	2026-04-16 18:51:18


SYSTEM_INFO	CarMaker 15.0.1 - Car_Generic #5	jetbrains@eb0f14db18c4 2026-02-09 12:42:32	(15.0.1 jetbrains@eb0f14db18c4 2026-02-09 12:36:17)
SIM	1776361878	ROG-FLOW-X13-PK	ASUS	unknown	0	0	0


SYSTEM_START	-	ROG-FLOW-X13-PK	ROG-FLOW-X13-PK	2026-04-16 18:54:50


SYSTEM_INFO	CarMaker 15.0.1 - Car_Generic #5	jetbrains@eb0f14db18c4 2026-02-09 12:42:32	(15.0.1 jetbrains@eb0f14db18c4 2026-02-09 12:36:17)
SIM	1776362090	ROG-FLOW-X13-PK	ASUS	unknown	2	0	0


SYSTEM_START	-	ROG-FLOW-X13-PK	ROG-FLOW-X13-PK	2026-04-16 18:56:40


SYSTEM_INFO	CarMaker 15.0.1 - Car_Generic #5	jetbrains@eb0f14db18c4 2026-02-09 12:42:32	(15.0.1 jetbrains@eb0f14db18c4 2026-02-09 12:36:17)
SIM	1776362200	ROG-FLOW-X13-PK	ASUS	unknown	0	12	59.2532


SYSTEM_START	-	ROG-FLOW-X13-PK	ROG-FLOW-X13-PK	2026-04-16 18:59:24


SYSTEM_INFO	CarMaker 15.0.1 - Car_Generic #5	jetbrains@eb0f14db18c4 2026-02-09 12:42:32	(15.0.1 jetbrains@eb0f14db18c4 2026-02-09 12:36:17)
SIM	1776362364	ROG-FLOW-X13-PK	ASUS	Testing_validation_with_mu	0	12	59.2532


SYSTEM_START	-	ROG-FLOW-X13-PK	ROG-FLOW-X13-PK	2026-04-16 18:59:56


SYSTEM_INFO	CarMaker 15.0.1 - Car_Generic #5	jetbrains@eb0f14db18c4 2026-02-09 12:42:32	(15.0.1 jetbrains@eb0f14db18c4 2026-02-09 12:36:17)
SIM	1776362396	ROG-FLOW-X13-PK	ASUS	Testing_validation_with_mu	0	100	1289.68


SYSTEM_START	-	ROG-FLOW-X13-PK	ROG-FLOW-X13-PK	2026-04-16 19:00:50


SYSTEM_INFO	CarMaker 15.0.1 - Car_Generic #5	jetbrains@eb0f14db18c4 2026-02-09 12:42:32	(15.0.1 jetbrains@eb0f14db18c4 2026-02-09 12:36:17)
SIM	1776362450	ROG-FLOW-X13-PK	ASUS	Testing_validation_with_mu	0	100	1289.68


SYSTEM_START	-	ROG-FLOW-X13-PK	ROG-FLOW-X13-PK	2026-04-16 19:01:20


SYSTEM_INFO	CarMaker 15.0.1 - Car_Generic #5	jetbrains@eb0f14db18c4 2026-02-09 12:42:32	(15.0.1 jetbrains@eb0f14db18c4 2026-02-09 12:36:17)
SIM	1776362481	ROG-FLOW-X13-PK	ASUS	Testing_validation_with_mu	0	877.299	13876.2
